<?xml version="1.0" encoding="UTF-8"?>
<testng-results skipped="0" failed="0" total="3" passed="3">
  <reporter-output>
  </reporter-output>
  <suite name="Suite1221" duration-ms="110771" started-at="2020-10-05T19:53:18Z" finished-at="2020-10-05T19:55:08Z">
    <groups>
    </groups>
    <test name="ChromeTest" duration-ms="38182" started-at="2020-10-05T19:53:18Z" finished-at="2020-10-05T19:53:56Z">
      <class name="testCases.TC01_LoginAndAddProductToCart">
        <test-method status="PASS" signature="setup(java.lang.String)[pri:0, instance:testCases.TC01_LoginAndAddProductToCart@26be92ad]" name="setup" is-config="true" duration-ms="20381" started-at="2020-10-06T01:23:18Z" finished-at="2020-10-06T01:23:38Z">
          <params>
            <param index="0">
              <value>
                <![CDATA[Chrome]]>
              </value>
            </param>
          </params>
          <reporter-output>
          </reporter-output>
        </test-method> <!-- setup -->
        <test-method status="PASS" signature="VerifyLogin()[pri:0, instance:testCases.TC01_LoginAndAddProductToCart@26be92ad]" name="VerifyLogin" duration-ms="9479" started-at="2020-10-06T01:23:38Z" finished-at="2020-10-06T01:23:48Z">
          <reporter-output>
          </reporter-output>
        </test-method> <!-- VerifyLogin -->
        <test-method status="PASS" signature="tearDown()[pri:0, instance:testCases.TC01_LoginAndAddProductToCart@26be92ad]" name="tearDown" is-config="true" duration-ms="8302" started-at="2020-10-06T01:23:48Z" finished-at="2020-10-06T01:23:56Z">
          <reporter-output>
          </reporter-output>
        </test-method> <!-- tearDown -->
      </class> <!-- testCases.TC01_LoginAndAddProductToCart -->
    </test> <!-- ChromeTest -->
    <test name="FirefoxTest" duration-ms="38646" started-at="2020-10-05T19:53:56Z" finished-at="2020-10-05T19:54:34Z">
      <class name="testCases.TC01_LoginAndAddProductToCart">
        <test-method status="PASS" signature="setup(java.lang.String)[pri:0, instance:testCases.TC01_LoginAndAddProductToCart@1bce4f0a]" name="setup" is-config="true" duration-ms="19957" started-at="2020-10-06T01:23:56Z" finished-at="2020-10-06T01:24:16Z">
          <params>
            <param index="0">
              <value>
                <![CDATA[Firefox]]>
              </value>
            </param>
          </params>
          <reporter-output>
          </reporter-output>
        </test-method> <!-- setup -->
        <test-method status="PASS" signature="VerifyLogin()[pri:0, instance:testCases.TC01_LoginAndAddProductToCart@1bce4f0a]" name="VerifyLogin" duration-ms="8714" started-at="2020-10-06T01:24:16Z" finished-at="2020-10-06T01:24:25Z">
          <reporter-output>
          </reporter-output>
        </test-method> <!-- VerifyLogin -->
        <test-method status="FAIL" signature="tearDown()[pri:0, instance:testCases.TC01_LoginAndAddProductToCart@1bce4f0a]" name="tearDown" is-config="true" duration-ms="0" started-at="2020-10-06T01:24:25Z" finished-at="2020-10-06T01:24:25Z">
          <exception class="org.openqa.selenium.NoSuchSessionException">
            <message>
              <![CDATA[Tried to run command without establishing a connection
Build info: version: '3.141.59', revision: 'e82be7d358', time: '2018-11-14T08:17:03'
System info: host: 'INEMBL-8FC3TT2', ip: '10.41.94.170', os.name: 'Windows 10', os.arch: 'amd64', os.version: '10.0', java.version: '1.8.0_251'
Driver info: org.openqa.selenium.firefox.FirefoxDriver
Capabilities {acceptInsecureCerts: true, browserName: firefox, browserVersion: 81.0.1, javascriptEnabled: true, moz:accessibilityChecks: false, moz:buildID: 20200930150533, moz:geckodriverVersion: 0.27.0, moz:headless: false, moz:processID: 22580, moz:profile: C:\Users\devrajal\AppData\L..., moz:shutdownTimeout: 60000, moz:useNonSpecCompliantPointerOrigin: false, moz:webdriverClick: true, pageLoadStrategy: normal, platform: WINDOWS, platformName: WINDOWS, platformVersion: 10.0, rotatable: false, setWindowRect: true, strictFileInteractability: false, timeouts: {implicit: 0, pageLoad: 300000, script: 30000}, unhandledPromptBehavior: dismiss and notify}
Session ID: 042e6299-bdeb-4631-acee-b5ee28880b11]]>
            </message>
            <full-stacktrace>
              <![CDATA[org.openqa.selenium.NoSuchSessionException: Tried to run command without establishing a connection
Build info: version: '3.141.59', revision: 'e82be7d358', time: '2018-11-14T08:17:03'
System info: host: 'INEMBL-8FC3TT2', ip: '10.41.94.170', os.name: 'Windows 10', os.arch: 'amd64', os.version: '10.0', java.version: '1.8.0_251'
Driver info: org.openqa.selenium.firefox.FirefoxDriver
Capabilities {acceptInsecureCerts: true, browserName: firefox, browserVersion: 81.0.1, javascriptEnabled: true, moz:accessibilityChecks: false, moz:buildID: 20200930150533, moz:geckodriverVersion: 0.27.0, moz:headless: false, moz:processID: 22580, moz:profile: C:\Users\devrajal\AppData\L..., moz:shutdownTimeout: 60000, moz:useNonSpecCompliantPointerOrigin: false, moz:webdriverClick: true, pageLoadStrategy: normal, platform: WINDOWS, platformName: WINDOWS, platformVersion: 10.0, rotatable: false, setWindowRect: true, strictFileInteractability: false, timeouts: {implicit: 0, pageLoad: 300000, script: 30000}, unhandledPromptBehavior: dismiss and notify}
Session ID: 042e6299-bdeb-4631-acee-b5ee28880b11
	at sun.reflect.NativeConstructorAccessorImpl.newInstance0(Native Method)
	at sun.reflect.NativeConstructorAccessorImpl.newInstance(Unknown Source)
	at sun.reflect.DelegatingConstructorAccessorImpl.newInstance(Unknown Source)
	at java.lang.reflect.Constructor.newInstance(Unknown Source)
	at org.openqa.selenium.remote.http.W3CHttpResponseCodec.createException(W3CHttpResponseCodec.java:187)
	at org.openqa.selenium.remote.http.W3CHttpResponseCodec.decode(W3CHttpResponseCodec.java:122)
	at org.openqa.selenium.remote.http.W3CHttpResponseCodec.decode(W3CHttpResponseCodec.java:49)
	at org.openqa.selenium.remote.HttpCommandExecutor.execute(HttpCommandExecutor.java:158)
	at org.openqa.selenium.remote.service.DriverCommandExecutor.execute(DriverCommandExecutor.java:83)
	at org.openqa.selenium.remote.RemoteWebDriver.execute(RemoteWebDriver.java:552)
	at org.openqa.selenium.remote.RemoteWebDriver.execute(RemoteWebDriver.java:609)
	at org.openqa.selenium.remote.RemoteWebDriver.quit(RemoteWebDriver.java:452)
	at testCases.TC01_LoginAndAddProductToCart.tearDown(TC01_LoginAndAddProductToCart.java:68)
	at sun.reflect.NativeMethodAccessorImpl.invoke0(Native Method)
	at sun.reflect.NativeMethodAccessorImpl.invoke(Unknown Source)
	at sun.reflect.DelegatingMethodAccessorImpl.invoke(Unknown Source)
	at java.lang.reflect.Method.invoke(Unknown Source)
	at org.testng.internal.MethodInvocationHelper.invokeMethod(MethodInvocationHelper.java:85)
	at org.testng.internal.Invoker.invokeConfigurationMethod(Invoker.java:510)
	at org.testng.internal.Invoker.invokeConfigurations(Invoker.java:211)
	at org.testng.internal.Invoker.invokeConfigurations(Invoker.java:138)
	at org.testng.internal.TestMethodWorker.invokeAfterClassMethods(TestMethodWorker.java:220)
	at org.testng.internal.TestMethodWorker.run(TestMethodWorker.java:111)
	at org.testng.TestRunner.privateRun(TestRunner.java:774)
	at org.testng.TestRunner.run(TestRunner.java:624)
	at org.testng.SuiteRunner.runTest(SuiteRunner.java:359)
	at org.testng.SuiteRunner.runSequentially(SuiteRunner.java:354)
	at org.testng.SuiteRunner.privateRun(SuiteRunner.java:312)
	at org.testng.SuiteRunner.run(SuiteRunner.java:261)
	at org.testng.SuiteRunnerWorker.runSuite(SuiteRunnerWorker.java:52)
	at org.testng.SuiteRunnerWorker.run(SuiteRunnerWorker.java:86)
	at org.testng.TestNG.runSuitesSequentially(TestNG.java:1215)
	at org.testng.TestNG.runSuitesLocally(TestNG.java:1140)
	at org.testng.TestNG.run(TestNG.java:1048)
	at org.testng.remote.AbstractRemoteTestNG.run(AbstractRemoteTestNG.java:115)
	at org.testng.remote.RemoteTestNG.initAndRun(RemoteTestNG.java:251)
	at org.testng.remote.RemoteTestNG.main(RemoteTestNG.java:77)
]]>
            </full-stacktrace>
          </exception> <!-- org.openqa.selenium.NoSuchSessionException -->
          <reporter-output>
          </reporter-output>
        </test-method> <!-- tearDown -->
      </class> <!-- testCases.TC01_LoginAndAddProductToCart -->
    </test> <!-- FirefoxTest -->
    <test name="EdgeTest" duration-ms="33893" started-at="2020-10-05T19:54:35Z" finished-at="2020-10-05T19:55:08Z">
      <class name="testCases.TC01_LoginAndAddProductToCart">
        <test-method status="PASS" signature="setup(java.lang.String)[pri:0, instance:testCases.TC01_LoginAndAddProductToCart@6a41eaa2]" name="setup" is-config="true" duration-ms="17588" started-at="2020-10-06T01:24:35Z" finished-at="2020-10-06T01:24:52Z">
          <params>
            <param index="0">
              <value>
                <![CDATA[MSEdge]]>
              </value>
            </param>
          </params>
          <reporter-output>
          </reporter-output>
        </test-method> <!-- setup -->
        <test-method status="PASS" signature="VerifyLogin()[pri:0, instance:testCases.TC01_LoginAndAddProductToCart@6a41eaa2]" name="VerifyLogin" duration-ms="8171" started-at="2020-10-06T01:24:52Z" finished-at="2020-10-06T01:25:00Z">
          <reporter-output>
          </reporter-output>
        </test-method> <!-- VerifyLogin -->
        <test-method status="PASS" signature="tearDown()[pri:0, instance:testCases.TC01_LoginAndAddProductToCart@6a41eaa2]" name="tearDown" is-config="true" duration-ms="8130" started-at="2020-10-06T01:25:00Z" finished-at="2020-10-06T01:25:08Z">
          <reporter-output>
          </reporter-output>
        </test-method> <!-- tearDown -->
      </class> <!-- testCases.TC01_LoginAndAddProductToCart -->
    </test> <!-- EdgeTest -->
  </suite> <!-- Suite1221 -->
</testng-results>
