<?xml version="1.0" encoding="UTF-8"?>
<testng-results skipped="0" failed="0" total="3" passed="3">
  <reporter-output>
  </reporter-output>
  <suite name="Suite1221" duration-ms="133318" started-at="2020-10-05T10:42:58Z" finished-at="2020-10-05T10:45:12Z">
    <groups>
    </groups>
    <test name="ChromeTest" duration-ms="35546" started-at="2020-10-05T10:42:58Z" finished-at="2020-10-05T10:43:34Z">
      <class name="testCases.TC01_LoginAndAddProductToCart">
        <test-method status="PASS" signature="setup(java.lang.String)[pri:0, instance:testCases.TC01_LoginAndAddProductToCart@475530b9]" name="setup" is-config="true" duration-ms="16655" started-at="2020-10-05T16:12:58Z" finished-at="2020-10-05T16:13:15Z">
          <params>
            <param index="0">
              <value>
                <![CDATA[Chrome]]>
              </value>
            </param>
          </params>
          <reporter-output>
          </reporter-output>
        </test-method> <!-- setup -->
        <test-method status="PASS" signature="VerifyLogin()[pri:0, instance:testCases.TC01_LoginAndAddProductToCart@475530b9]" name="VerifyLogin" duration-ms="10542" started-at="2020-10-05T16:13:15Z" finished-at="2020-10-05T16:13:26Z">
          <reporter-output>
          </reporter-output>
        </test-method> <!-- VerifyLogin -->
        <test-method status="PASS" signature="tearDown()[pri:0, instance:testCases.TC01_LoginAndAddProductToCart@475530b9]" name="tearDown" is-config="true" duration-ms="8331" started-at="2020-10-05T16:13:26Z" finished-at="2020-10-05T16:13:34Z">
          <reporter-output>
          </reporter-output>
        </test-method> <!-- tearDown -->
      </class> <!-- testCases.TC01_LoginAndAddProductToCart -->
    </test> <!-- ChromeTest -->
    <test name="FirefoxTest" duration-ms="47459" started-at="2020-10-05T10:43:34Z" finished-at="2020-10-05T10:44:21Z">
      <class name="testCases.TC01_LoginAndAddProductToCart">
        <test-method status="PASS" signature="setup(java.lang.String)[pri:0, instance:testCases.TC01_LoginAndAddProductToCart@42d80b78]" name="setup" is-config="true" duration-ms="22406" started-at="2020-10-05T16:13:34Z" finished-at="2020-10-05T16:13:56Z">
          <params>
            <param index="0">
              <value>
                <![CDATA[Firefox]]>
              </value>
            </param>
          </params>
          <reporter-output>
          </reporter-output>
        </test-method> <!-- setup -->
        <test-method status="PASS" signature="VerifyLogin()[pri:0, instance:testCases.TC01_LoginAndAddProductToCart@42d80b78]" name="VerifyLogin" duration-ms="13875" started-at="2020-10-05T16:13:56Z" finished-at="2020-10-05T16:14:10Z">
          <reporter-output>
          </reporter-output>
        </test-method> <!-- VerifyLogin -->
        <test-method status="FAIL" signature="tearDown()[pri:0, instance:testCases.TC01_LoginAndAddProductToCart@42d80b78]" name="tearDown" is-config="true" duration-ms="0" started-at="2020-10-05T16:14:10Z" finished-at="2020-10-05T16:14:10Z">
          <exception class="org.openqa.selenium.NoSuchSessionException">
            <message>
              <![CDATA[Tried to run command without establishing a connection
Build info: version: '3.141.59', revision: 'e82be7d358', time: '2018-11-14T08:17:03'
System info: host: 'INEMBL-8FC3TT2', ip: '192.168.0.102', os.name: 'Windows 10', os.arch: 'amd64', os.version: '10.0', java.version: '1.8.0_251'
Driver info: org.openqa.selenium.firefox.FirefoxDriver
Capabilities {acceptInsecureCerts: true, browserName: firefox, browserVersion: 81.0.1, javascriptEnabled: true, moz:accessibilityChecks: false, moz:buildID: 20200930150533, moz:geckodriverVersion: 0.27.0, moz:headless: false, moz:processID: 3620, moz:profile: C:\Users\devrajal\AppData\L..., moz:shutdownTimeout: 60000, moz:useNonSpecCompliantPointerOrigin: false, moz:webdriverClick: true, pageLoadStrategy: normal, platform: WINDOWS, platformName: WINDOWS, platformVersion: 10.0, rotatable: false, setWindowRect: true, strictFileInteractability: false, timeouts: {implicit: 0, pageLoad: 300000, script: 30000}, unhandledPromptBehavior: dismiss and notify}
Session ID: 9c176a1d-9fc3-43e0-80a3-c24b680473d4]]>
            </message>
            <full-stacktrace>
              <![CDATA[org.openqa.selenium.NoSuchSessionException: Tried to run command without establishing a connection
Build info: version: '3.141.59', revision: 'e82be7d358', time: '2018-11-14T08:17:03'
System info: host: 'INEMBL-8FC3TT2', ip: '192.168.0.102', os.name: 'Windows 10', os.arch: 'amd64', os.version: '10.0', java.version: '1.8.0_251'
Driver info: org.openqa.selenium.firefox.FirefoxDriver
Capabilities {acceptInsecureCerts: true, browserName: firefox, browserVersion: 81.0.1, javascriptEnabled: true, moz:accessibilityChecks: false, moz:buildID: 20200930150533, moz:geckodriverVersion: 0.27.0, moz:headless: false, moz:processID: 3620, moz:profile: C:\Users\devrajal\AppData\L..., moz:shutdownTimeout: 60000, moz:useNonSpecCompliantPointerOrigin: false, moz:webdriverClick: true, pageLoadStrategy: normal, platform: WINDOWS, platformName: WINDOWS, platformVersion: 10.0, rotatable: false, setWindowRect: true, strictFileInteractability: false, timeouts: {implicit: 0, pageLoad: 300000, script: 30000}, unhandledPromptBehavior: dismiss and notify}
Session ID: 9c176a1d-9fc3-43e0-80a3-c24b680473d4
	at sun.reflect.NativeConstructorAccessorImpl.newInstance0(Native Method)
	at sun.reflect.NativeConstructorAccessorImpl.newInstance(Unknown Source)
	at sun.reflect.DelegatingConstructorAccessorImpl.newInstance(Unknown Source)
	at java.lang.reflect.Constructor.newInstance(Unknown Source)
	at org.openqa.selenium.remote.http.W3CHttpResponseCodec.createException(W3CHttpResponseCodec.java:187)
	at org.openqa.selenium.remote.http.W3CHttpResponseCodec.decode(W3CHttpResponseCodec.java:122)
	at org.openqa.selenium.remote.http.W3CHttpResponseCodec.decode(W3CHttpResponseCodec.java:49)
	at org.openqa.selenium.remote.HttpCommandExecutor.execute(HttpCommandExecutor.java:158)
	at org.openqa.selenium.remote.service.DriverCommandExecutor.execute(DriverCommandExecutor.java:83)
	at org.openqa.selenium.remote.RemoteWebDriver.execute(RemoteWebDriver.java:552)
	at org.openqa.selenium.remote.RemoteWebDriver.execute(RemoteWebDriver.java:609)
	at org.openqa.selenium.remote.RemoteWebDriver.quit(RemoteWebDriver.java:452)
	at testCases.TC01_LoginAndAddProductToCart.tearDown(TC01_LoginAndAddProductToCart.java:63)
	at sun.reflect.NativeMethodAccessorImpl.invoke0(Native Method)
	at sun.reflect.NativeMethodAccessorImpl.invoke(Unknown Source)
	at sun.reflect.DelegatingMethodAccessorImpl.invoke(Unknown Source)
	at java.lang.reflect.Method.invoke(Unknown Source)
	at org.testng.internal.MethodInvocationHelper.invokeMethod(MethodInvocationHelper.java:85)
	at org.testng.internal.Invoker.invokeConfigurationMethod(Invoker.java:510)
	at org.testng.internal.Invoker.invokeConfigurations(Invoker.java:211)
	at org.testng.internal.Invoker.invokeConfigurations(Invoker.java:138)
	at org.testng.internal.TestMethodWorker.invokeAfterClassMethods(TestMethodWorker.java:220)
	at org.testng.internal.TestMethodWorker.run(TestMethodWorker.java:111)
	at org.testng.TestRunner.privateRun(TestRunner.java:774)
	at org.testng.TestRunner.run(TestRunner.java:624)
	at org.testng.SuiteRunner.runTest(SuiteRunner.java:359)
	at org.testng.SuiteRunner.runSequentially(SuiteRunner.java:354)
	at org.testng.SuiteRunner.privateRun(SuiteRunner.java:312)
	at org.testng.SuiteRunner.run(SuiteRunner.java:261)
	at org.testng.SuiteRunnerWorker.runSuite(SuiteRunnerWorker.java:52)
	at org.testng.SuiteRunnerWorker.run(SuiteRunnerWorker.java:86)
	at org.testng.TestNG.runSuitesSequentially(TestNG.java:1215)
	at org.testng.TestNG.runSuitesLocally(TestNG.java:1140)
	at org.testng.TestNG.run(TestNG.java:1048)
	at org.testng.remote.AbstractRemoteTestNG.run(AbstractRemoteTestNG.java:115)
	at org.testng.remote.RemoteTestNG.initAndRun(RemoteTestNG.java:251)
	at org.testng.remote.RemoteTestNG.main(RemoteTestNG.java:77)
]]>
            </full-stacktrace>
          </exception> <!-- org.openqa.selenium.NoSuchSessionException -->
          <reporter-output>
          </reporter-output>
        </test-method> <!-- tearDown -->
      </class> <!-- testCases.TC01_LoginAndAddProductToCart -->
    </test> <!-- FirefoxTest -->
    <test name="EdgeTest" duration-ms="50281" started-at="2020-10-05T10:44:21Z" finished-at="2020-10-05T10:45:12Z">
      <class name="testCases.TC01_LoginAndAddProductToCart">
        <test-method status="PASS" signature="setup(java.lang.String)[pri:0, instance:testCases.TC01_LoginAndAddProductToCart@6a4f787b]" name="setup" is-config="true" duration-ms="29944" started-at="2020-10-05T16:14:21Z" finished-at="2020-10-05T16:14:51Z">
          <params>
            <param index="0">
              <value>
                <![CDATA[MSEdge]]>
              </value>
            </param>
          </params>
          <reporter-output>
          </reporter-output>
        </test-method> <!-- setup -->
        <test-method status="PASS" signature="VerifyLogin()[pri:0, instance:testCases.TC01_LoginAndAddProductToCart@6a4f787b]" name="VerifyLogin" duration-ms="11864" started-at="2020-10-05T16:14:51Z" finished-at="2020-10-05T16:15:03Z">
          <reporter-output>
          </reporter-output>
        </test-method> <!-- VerifyLogin -->
        <test-method status="PASS" signature="tearDown()[pri:0, instance:testCases.TC01_LoginAndAddProductToCart@6a4f787b]" name="tearDown" is-config="true" duration-ms="8470" started-at="2020-10-05T16:15:03Z" finished-at="2020-10-05T16:15:12Z">
          <reporter-output>
          </reporter-output>
        </test-method> <!-- tearDown -->
      </class> <!-- testCases.TC01_LoginAndAddProductToCart -->
    </test> <!-- EdgeTest -->
  </suite> <!-- Suite1221 -->
</testng-results>
