<?xml version="1.0" encoding="UTF-8"?>
<!-- Generated by org.testng.reporters.JUnitXMLReporter -->
<testsuite ignored="0" hostname="INEMBL-8FC3TT2" failures="0" tests="4" name="Default test" time="5.07" errors="0" timestamp="2020-10-21T00:18:14 IST">
  <testcase classname="testCase.TC01_GetWeatherRequestAPI" name="GetStation" time="2.976"/>
  <testcase classname="testCase.TC01_GetWeatherRequestAPI" name="CreateStation" time="0.489"/>
  <testcase classname="testCase.TC01_GetWeatherRequestAPI" name="GetAllWeatherStations" time="0.657"/>
  <testcase classname="testCase.TC01_GetWeatherRequestAPI" name="UpdateStation" time="0.721"/>
</testsuite> <!-- Default test -->
